<?xml version="1.0" encoding="UTF-8"?>
<!-- Generated by org.testng.reporters.JUnitXMLReporter -->
<testsuite hostname="DESKTOP-74GDGI8" ignored="0" name="Test" tests="6" failures="1" timestamp="02 Sep 2022 16:28:31 GMT" time="0.109" errors="0">
  <testcase name="tc1" time="0.016" classname="org.net.Class"/>
  <testcase name="tc3" time="0.008" classname="org.net.Class">
    <skipped/>
  </testcase> <!-- tc3 -->
  <testcase name="tc3" time="0.0" classname="org.net.Class">
    <skipped/>
  </testcase> <!-- tc3 -->
  <testcase name="tc3" time="0.0" classname="org.net.Class">
    <skipped/>
  </testcase> <!-- tc3 -->
  <testcase name="tc3" time="0.0" classname="org.net.Class">
    <failure type="java.lang.AssertionError" message="testing expected [true] but found [false]">
      <![CDATA[java.lang.AssertionError: testing expected [true] but found [false]
at org.net.Class.tc3(Class.java:20)
... Removed 28 stack frames]]>
    </failure>
  </testcase> <!-- tc3 -->
  <testcase name="tc4" time="0.0" classname="org.net.Class"/>
</testsuite> <!-- Test -->
